{:nsec 239400000, :success 1, :story [], :context (css-sprite.core-test), :name "get images"}
{:throwable #<RuntimeException java.lang.RuntimeException: java.lang.IllegalArgumentException: Wrong number of args passed to: core-test$eval--2389$positions--2390$fn>, :error 1, :story [], :context (css-sprite.core-test), :name "positions"}
