{:nsec 263145000, :success 1, :story [], :context (css-sprite.core-test), :name "get images"}
{:throwable #<RuntimeException java.lang.RuntimeException: java.lang.IllegalArgumentException: Wrong number of args passed to: core$image-positions--1651$fn>, :error 1, :story [], :context (css-sprite.core-test), :name "positions"}
