{:nsec 252889000, :success 1, :story [], :context (css-sprite.core-test), :name "get images"}
{:throwable #<RuntimeException java.lang.RuntimeException: java.lang.IllegalArgumentException: Wrong number of args passed to: Vertical--13659$fn>, :error 1, :story [], :context (css-sprite.core-test), :name "combine"}
